2025-11-02 04:56:25 info: Importing routes...
2025-11-02 04:56:25 info: Adding route: GET  /admin
2025-11-02 04:56:25 info: Adding route: GET  /communities
2025-11-02 04:56:25 info: Adding route: POST /communities
2025-11-02 04:56:25 info: Adding route: PUT  /communities/:community_id
2025-11-02 04:56:25 info: Adding route: GET  /communities/:community_id
2025-11-02 04:56:25 info: Adding route: DELETE /communities/:community_id
2025-11-02 04:56:25 info: Adding route: GET  /communities/:community_id/posts
2025-11-02 04:56:25 info: Adding route: POST /communities/:community_id/posts
2025-11-02 04:56:25 info: Adding route: GET  /feed
2025-11-02 04:56:25 info: Adding route: POST /login
2025-11-02 04:56:25 info: Adding route: GET  /logout
2025-11-02 04:56:25 info: Adding route: GET  /ping
2025-11-02 04:56:25 info: Adding route: PUT  /posts/:post_id
2025-11-02 04:56:25 info: Adding route: GET  /posts/:post_id
2025-11-02 04:56:25 info: Adding route: DELETE /posts/:post_id
2025-11-02 04:56:25 info: Adding route: GET  /posts/:post_id/comments
2025-11-02 04:56:25 info: Adding route: POST /posts/:post_id/comments
2025-11-02 04:56:25 info: Adding route: PUT  /posts/:post_id/comments/:comment_id
2025-11-02 04:56:25 info: Adding route: DELETE /posts/:post_id/comments/:comment_id
2025-11-02 04:56:25 info: Adding route: POST /posts/:post_id/comments/:comment_id
2025-11-02 04:56:25 info: Adding route: PUT  /posts/:post_id/comments/:comment_id/vote
2025-11-02 04:56:25 info: Adding route: PUT  /posts/:post_id/vote
2025-11-02 04:56:25 info: Adding route: GET  /search
2025-11-02 04:56:25 info: Adding route: POST /signup
2025-11-02 04:56:25 info: Adding route: PUT  /user
2025-11-02 04:56:25 info: Adding route: GET  /user
2025-11-02 04:56:25 info: Adding route: DELETE /user
2025-11-02 04:56:25 info: Adding route: GET  /users/:user_id
2025-11-02 04:56:25 info: Adding route: GET  /users/:user_id/posts
2025-11-02 04:56:25 info: exporting router
2025-11-02 04:56:25 info: Listening on port 443
2025-11-02 05:21:35 info: Importing routes...
2025-11-02 05:21:36 info: Adding route: GET  /admin
2025-11-02 05:21:36 info: Adding route: GET  /communities
2025-11-02 05:21:36 info: Adding route: POST /communities
2025-11-02 05:21:36 info: Adding route: PUT  /communities/:community_id
2025-11-02 05:21:36 info: Adding route: GET  /communities/:community_id
2025-11-02 05:21:36 info: Adding route: DELETE /communities/:community_id
2025-11-02 05:21:36 info: Adding route: GET  /communities/:community_id/posts
2025-11-02 05:21:36 info: Adding route: POST /communities/:community_id/posts
2025-11-02 05:21:36 info: Adding route: GET  /feed
2025-11-02 05:21:36 info: Adding route: POST /login
2025-11-02 05:21:36 info: Adding route: GET  /logout
2025-11-02 05:21:36 info: Adding route: GET  /ping
2025-11-02 05:21:36 info: Adding route: PUT  /posts/:post_id
2025-11-02 05:21:36 info: Adding route: GET  /posts/:post_id
2025-11-02 05:21:36 info: Adding route: DELETE /posts/:post_id
2025-11-02 05:21:36 info: Adding route: GET  /posts/:post_id/comments
2025-11-02 05:21:36 info: Adding route: POST /posts/:post_id/comments
2025-11-02 05:21:36 info: Adding route: PUT  /posts/:post_id/comments/:comment_id
2025-11-02 05:21:36 info: Adding route: DELETE /posts/:post_id/comments/:comment_id
2025-11-02 05:21:36 info: Adding route: POST /posts/:post_id/comments/:comment_id
2025-11-02 05:21:36 info: Adding route: PUT  /posts/:post_id/comments/:comment_id/vote
2025-11-02 05:21:36 info: Adding route: PUT  /posts/:post_id/vote
2025-11-02 05:21:36 info: Adding route: GET  /search
2025-11-02 05:21:36 info: Adding route: POST /signup
2025-11-02 05:21:36 info: Adding route: PUT  /user
2025-11-02 05:21:36 info: Adding route: GET  /user
2025-11-02 05:21:36 info: Adding route: DELETE /user
2025-11-02 05:21:36 info: Adding route: GET  /users/:user_id
2025-11-02 05:21:36 info: Adding route: GET  /users/:user_id/posts
2025-11-02 05:21:36 info: exporting router
2025-11-02 05:21:36 info: Listening on port 443
2025-11-02 05:21:45 info: Importing routes...
2025-11-02 05:21:45 info: Adding route: GET  /admin
2025-11-02 05:21:45 info: Adding route: GET  /communities
2025-11-02 05:21:45 info: Adding route: POST /communities
2025-11-02 05:21:45 info: Adding route: PUT  /communities/:community_id
2025-11-02 05:21:45 info: Adding route: GET  /communities/:community_id
2025-11-02 05:21:45 info: Adding route: DELETE /communities/:community_id
2025-11-02 05:21:45 info: Adding route: GET  /communities/:community_id/posts
2025-11-02 05:21:45 info: Adding route: POST /communities/:community_id/posts
2025-11-02 05:21:45 info: Adding route: GET  /feed
2025-11-02 05:21:45 info: Adding route: POST /login
2025-11-02 05:21:45 info: Adding route: GET  /logout
2025-11-02 05:21:45 info: Adding route: GET  /logout
2025-11-02 05:21:45 info: Adding route: GET  /ping
2025-11-02 05:21:45 info: Adding route: PUT  /posts/:post_id
2025-11-02 05:21:45 info: Adding route: GET  /posts/:post_id
2025-11-02 05:21:45 info: Adding route: DELETE /posts/:post_id
2025-11-02 05:21:45 info: Adding route: GET  /posts/:post_id/comments
2025-11-02 05:21:45 info: Adding route: POST /posts/:post_id/comments
2025-11-02 05:21:45 info: Adding route: PUT  /posts/:post_id/comments/:comment_id
2025-11-02 05:21:45 info: Adding route: DELETE /posts/:post_id/comments/:comment_id
2025-11-02 05:21:45 info: Adding route: POST /posts/:post_id/comments/:comment_id
2025-11-02 05:21:45 info: Adding route: PUT  /posts/:post_id/comments/:comment_id/vote
2025-11-02 05:21:45 info: Adding route: PUT  /posts/:post_id/vote
2025-11-02 05:21:45 info: Adding route: GET  /search
2025-11-02 05:21:45 info: Adding route: POST /signup
2025-11-02 05:21:45 info: Adding route: PUT  /user
2025-11-02 05:21:45 info: Adding route: GET  /user
2025-11-02 05:21:45 info: Adding route: DELETE /user
2025-11-02 05:21:45 info: Adding route: GET  /users/:user_id
2025-11-02 05:21:45 info: Adding route: GET  /users/:user_id/posts
2025-11-02 05:21:45 info: exporting router
2025-11-02 05:21:45 info: Listening on port 443
2025-11-02 05:21:48 info: Importing routes...
2025-11-02 05:21:48 info: Adding route: GET  /admin
2025-11-02 05:21:48 info: Adding route: GET  /communities
2025-11-02 05:21:48 info: Adding route: POST /communities
2025-11-02 05:21:48 info: Adding route: PUT  /communities/:community_id
2025-11-02 05:21:48 info: Adding route: GET  /communities/:community_id
2025-11-02 05:21:48 info: Adding route: DELETE /communities/:community_id
2025-11-02 05:21:48 info: Adding route: GET  /communities/:community_id/posts
2025-11-02 05:21:48 info: Adding route: POST /communities/:community_id/posts
2025-11-02 05:21:48 info: Adding route: GET  /feed
2025-11-02 05:21:48 info: Adding route: POST /login
2025-11-02 05:21:48 info: Adding route: GET  /logout
2025-11-02 05:21:48 info: Adding route: GET  /logout
2025-11-02 05:21:48 info: Adding route: GET  /ping
2025-11-02 05:21:48 info: Adding route: PUT  /posts/:post_id
2025-11-02 05:21:48 info: Adding route: GET  /posts/:post_id
2025-11-02 05:21:48 info: Adding route: DELETE /posts/:post_id
2025-11-02 05:21:48 info: Adding route: GET  /posts/:post_id/comments
2025-11-02 05:21:48 info: Adding route: POST /posts/:post_id/comments
2025-11-02 05:21:48 info: Adding route: PUT  /posts/:post_id/comments/:comment_id
2025-11-02 05:21:48 info: Adding route: DELETE /posts/:post_id/comments/:comment_id
2025-11-02 05:21:48 info: Adding route: POST /posts/:post_id/comments/:comment_id
2025-11-02 05:21:48 info: Adding route: PUT  /posts/:post_id/comments/:comment_id/vote
2025-11-02 05:21:48 info: Adding route: PUT  /posts/:post_id/vote
2025-11-02 05:21:48 info: Adding route: GET  /search
2025-11-02 05:21:48 info: Adding route: POST /signup
2025-11-02 05:21:48 info: Adding route: PUT  /user
2025-11-02 05:21:48 info: Adding route: GET  /user
2025-11-02 05:21:48 info: Adding route: DELETE /user
2025-11-02 05:21:48 info: Adding route: GET  /users/:user_id
2025-11-02 05:21:48 info: Adding route: GET  /users/:user_id/posts
2025-11-02 05:21:48 info: exporting router
2025-11-02 05:21:48 info: Listening on port 443
2025-11-02 05:22:14 info: Importing routes...
2025-11-02 05:22:14 info: Adding route: GET  /admin
2025-11-02 05:22:14 info: Adding route: GET  /communities
2025-11-02 05:22:14 info: Adding route: POST /communities
2025-11-02 05:22:14 info: Adding route: PUT  /communities/:community_id
2025-11-02 05:22:14 info: Adding route: GET  /communities/:community_id
2025-11-02 05:22:14 info: Adding route: DELETE /communities/:community_id
2025-11-02 05:22:14 info: Adding route: GET  /communities/:community_id/posts
2025-11-02 05:22:14 info: Adding route: POST /communities/:community_id/posts
2025-11-02 05:22:14 info: Adding route: GET  /feed
2025-11-02 05:22:14 info: Adding route: POST /login
2025-11-02 05:22:14 info: Adding route: GET  /logout
2025-11-02 05:22:14 info: Adding route: GET  /logout
2025-11-02 05:22:14 info: Adding route: GET  /ping
2025-11-02 05:22:14 info: Adding route: PUT  /posts/:post_id
2025-11-02 05:22:14 info: Adding route: GET  /posts/:post_id
2025-11-02 05:22:14 info: Adding route: DELETE /posts/:post_id
2025-11-02 05:22:14 info: Adding route: GET  /posts/:post_id/comments
2025-11-02 05:22:14 info: Adding route: POST /posts/:post_id/comments
2025-11-02 05:22:14 info: Adding route: PUT  /posts/:post_id/comments/:comment_id
2025-11-02 05:22:14 info: Adding route: DELETE /posts/:post_id/comments/:comment_id
2025-11-02 05:22:14 info: Adding route: POST /posts/:post_id/comments/:comment_id
2025-11-02 05:22:14 info: Adding route: PUT  /posts/:post_id/comments/:comment_id/vote
2025-11-02 05:22:14 info: Adding route: PUT  /posts/:post_id/vote
2025-11-02 05:22:14 info: Adding route: GET  /search
2025-11-02 05:22:14 info: Adding route: POST /signup
2025-11-02 05:22:14 info: Adding route: PUT  /user
2025-11-02 05:22:14 info: Adding route: GET  /user
2025-11-02 05:22:14 info: Adding route: DELETE /user
2025-11-02 05:22:14 info: Adding route: GET  /users/:user_id
2025-11-02 05:22:14 info: Adding route: GET  /users/:user_id/posts
2025-11-02 05:22:14 info: exporting router
2025-11-02 05:22:14 info: Listening on port 443
2025-11-02 05:22:20 info: Importing routes...
2025-11-02 05:22:20 info: Adding route: GET  /admin
2025-11-02 05:22:20 info: Adding route: GET  /communities
2025-11-02 05:22:20 info: Adding route: POST /communities
2025-11-02 05:22:20 info: Adding route: PUT  /communities/:community_id
2025-11-02 05:22:20 info: Adding route: GET  /communities/:community_id
2025-11-02 05:22:20 info: Adding route: DELETE /communities/:community_id
2025-11-02 05:22:20 info: Adding route: GET  /communities/:community_id/posts
2025-11-02 05:22:20 info: Adding route: POST /communities/:community_id/posts
2025-11-02 05:22:20 info: Adding route: GET  /feed
2025-11-02 05:22:20 info: Adding route: POST /login
2025-11-02 05:22:20 info: Adding route: GET  /logout
2025-11-02 05:22:20 info: Adding route: GET  /logout
2025-11-02 05:22:20 info: Adding route: GET  /ping
2025-11-02 05:22:20 info: Adding route: PUT  /posts/:post_id
2025-11-02 05:22:20 info: Adding route: GET  /posts/:post_id
2025-11-02 05:22:20 info: Adding route: DELETE /posts/:post_id
2025-11-02 05:22:20 info: Adding route: GET  /posts/:post_id/comments
2025-11-02 05:22:20 info: Adding route: POST /posts/:post_id/comments
2025-11-02 05:22:20 info: Adding route: PUT  /posts/:post_id/comments/:comment_id
2025-11-02 05:22:20 info: Adding route: DELETE /posts/:post_id/comments/:comment_id
2025-11-02 05:22:20 info: Adding route: POST /posts/:post_id/comments/:comment_id
2025-11-02 05:22:20 info: Adding route: PUT  /posts/:post_id/comments/:comment_id/vote
2025-11-02 05:22:20 info: Adding route: PUT  /posts/:post_id/vote
2025-11-02 05:22:20 info: Adding route: GET  /search
2025-11-02 05:22:20 info: Adding route: POST /signup
2025-11-02 05:22:20 info: Adding route: PUT  /user
2025-11-02 05:22:20 info: Adding route: GET  /user
2025-11-02 05:22:20 info: Adding route: DELETE /user
2025-11-02 05:22:20 info: Adding route: GET  /users/:user_id
2025-11-02 05:22:20 info: Adding route: GET  /users/:user_id/posts
2025-11-02 05:22:20 info: exporting router
2025-11-02 05:22:20 info: Listening on port 443
2025-11-02 05:22:24 info: Importing routes...
2025-11-02 05:22:24 info: Adding route: GET  /admin
2025-11-02 05:22:24 info: Adding route: GET  /communities
2025-11-02 05:22:24 info: Adding route: POST /communities
2025-11-02 05:22:24 info: Adding route: PUT  /communities/:community_id
2025-11-02 05:22:24 info: Adding route: GET  /communities/:community_id
2025-11-02 05:22:24 info: Adding route: DELETE /communities/:community_id
2025-11-02 05:22:24 info: Adding route: GET  /communities/:community_id/posts
2025-11-02 05:22:24 info: Adding route: POST /communities/:community_id/posts
2025-11-02 05:22:24 info: Adding route: GET  /feed
2025-11-02 05:22:24 info: Adding route: POST /login
2025-11-02 05:22:24 info: Adding route: GET  /logout
2025-11-02 05:22:24 info: Adding route: GET  /logout
2025-11-02 05:22:24 info: Adding route: GET  /ping
2025-11-02 05:22:24 info: Adding route: PUT  /posts/:post_id
2025-11-02 05:22:24 info: Adding route: GET  /posts/:post_id
2025-11-02 05:22:24 info: Adding route: DELETE /posts/:post_id
2025-11-02 05:22:24 info: Adding route: GET  /posts/:post_id/comments
2025-11-02 05:22:24 info: Adding route: POST /posts/:post_id/comments
2025-11-02 05:22:24 info: Adding route: PUT  /posts/:post_id/comments/:comment_id
2025-11-02 05:22:24 info: Adding route: DELETE /posts/:post_id/comments/:comment_id
2025-11-02 05:22:24 info: Adding route: POST /posts/:post_id/comments/:comment_id
2025-11-02 05:22:24 info: Adding route: PUT  /posts/:post_id/comments/:comment_id/vote
2025-11-02 05:22:24 info: Adding route: PUT  /posts/:post_id/vote
2025-11-02 05:22:24 info: Adding route: GET  /search
2025-11-02 05:22:24 info: Adding route: POST /signup
2025-11-02 05:22:24 info: Adding route: PUT  /user
2025-11-02 05:22:24 info: Adding route: GET  /user
2025-11-02 05:22:24 info: Adding route: DELETE /user
2025-11-02 05:22:24 info: Adding route: GET  /users/:user_id
2025-11-02 05:22:24 info: Adding route: GET  /users/:user_id/posts
2025-11-02 05:22:24 info: exporting router
2025-11-02 05:22:24 info: Listening on port 443
2025-11-02 05:22:26 info: Importing routes...
2025-11-02 05:22:27 info: Adding route: GET  /admin
2025-11-02 05:22:27 info: Adding route: GET  /communities
2025-11-02 05:22:27 info: Adding route: POST /communities
2025-11-02 05:22:27 info: Adding route: PUT  /communities/:community_id
2025-11-02 05:22:27 info: Adding route: GET  /communities/:community_id
2025-11-02 05:22:27 info: Adding route: DELETE /communities/:community_id
2025-11-02 05:22:27 info: Adding route: GET  /communities/:community_id/posts
2025-11-02 05:22:27 info: Adding route: POST /communities/:community_id/posts
2025-11-02 05:22:27 info: Adding route: GET  /feed
2025-11-02 05:22:27 info: Adding route: POST /login
2025-11-02 05:22:27 info: Adding route: GET  /logout
2025-11-02 05:22:27 info: Adding route: GET  /logout
2025-11-02 05:22:27 info: Adding route: GET  /ping
2025-11-02 05:22:27 info: Adding route: PUT  /posts/:post_id
2025-11-02 05:22:27 info: Adding route: GET  /posts/:post_id
2025-11-02 05:22:27 info: Adding route: DELETE /posts/:post_id
2025-11-02 05:22:27 info: Adding route: GET  /posts/:post_id/comments
2025-11-02 05:22:27 info: Adding route: POST /posts/:post_id/comments
2025-11-02 05:22:27 info: Adding route: PUT  /posts/:post_id/comments/:comment_id
2025-11-02 05:22:27 info: Adding route: DELETE /posts/:post_id/comments/:comment_id
2025-11-02 05:22:27 info: Adding route: POST /posts/:post_id/comments/:comment_id
2025-11-02 05:22:27 info: Adding route: PUT  /posts/:post_id/comments/:comment_id/vote
2025-11-02 05:22:27 info: Adding route: PUT  /posts/:post_id/vote
2025-11-02 05:22:27 info: Adding route: GET  /search
2025-11-02 05:22:27 info: Adding route: POST /signup
2025-11-02 05:22:27 info: Adding route: PUT  /user
2025-11-02 05:22:27 info: Adding route: GET  /user
2025-11-02 05:22:27 info: Adding route: DELETE /user
2025-11-02 05:22:27 info: Adding route: GET  /users/:user_id
2025-11-02 05:22:27 info: Adding route: GET  /users/:user_id/posts
2025-11-02 05:22:27 info: exporting router
2025-11-02 05:22:27 info: Listening on port 443
2025-11-02 05:23:14 info: Importing routes...
2025-11-02 05:23:14 info: Adding route: GET  /admin
2025-11-02 05:23:14 info: Adding route: GET  /communities
2025-11-02 05:23:14 info: Adding route: POST /communities
2025-11-02 05:23:14 info: Adding route: PUT  /communities/:community_id
2025-11-02 05:23:14 info: Adding route: GET  /communities/:community_id
2025-11-02 05:23:14 info: Adding route: DELETE /communities/:community_id
2025-11-02 05:23:14 info: Adding route: GET  /communities/:community_id/posts
2025-11-02 05:23:14 info: Adding route: POST /communities/:community_id/posts
2025-11-02 05:23:14 info: Adding route: GET  /feed
2025-11-02 05:23:14 info: Adding route: POST /login
2025-11-02 05:23:14 info: Adding route: GET  /logout
2025-11-02 05:23:14 info: Adding route: GET  /logout
2025-11-02 05:23:14 info: Adding route: GET  /ping
2025-11-02 05:23:14 info: Adding route: PUT  /posts/:post_id
2025-11-02 05:23:14 info: Adding route: GET  /posts/:post_id
2025-11-02 05:23:14 info: Adding route: DELETE /posts/:post_id
2025-11-02 05:23:14 info: Adding route: GET  /posts/:post_id/comments
2025-11-02 05:23:14 info: Adding route: POST /posts/:post_id/comments
2025-11-02 05:23:14 info: Adding route: PUT  /posts/:post_id/comments/:comment_id
2025-11-02 05:23:14 info: Adding route: DELETE /posts/:post_id/comments/:comment_id
2025-11-02 05:23:14 info: Adding route: POST /posts/:post_id/comments/:comment_id
2025-11-02 05:23:14 info: Adding route: PUT  /posts/:post_id/comments/:comment_id/vote
2025-11-02 05:23:14 info: Adding route: PUT  /posts/:post_id/vote
2025-11-02 05:23:14 info: Adding route: GET  /search
2025-11-02 05:23:14 info: Adding route: POST /signup
2025-11-02 05:23:14 info: Adding route: PUT  /user
2025-11-02 05:23:14 info: Adding route: GET  /user
2025-11-02 05:23:14 info: Adding route: DELETE /user
2025-11-02 05:23:14 info: Adding route: GET  /users/:user_id
2025-11-02 05:23:14 info: Adding route: GET  /users/:user_id/posts
2025-11-02 05:23:14 info: exporting router
2025-11-02 05:23:14 info: Listening on port 443
2025-11-02 05:23:19 info: Importing routes...
2025-11-02 05:23:19 info: Adding route: GET  /admin
2025-11-02 05:23:19 info: Adding route: GET  /communities
2025-11-02 05:23:19 info: Adding route: POST /communities
2025-11-02 05:23:19 info: Adding route: PUT  /communities/:community_id
2025-11-02 05:23:19 info: Adding route: GET  /communities/:community_id
2025-11-02 05:23:19 info: Adding route: DELETE /communities/:community_id
2025-11-02 05:23:19 info: Adding route: GET  /communities/:community_id/posts
2025-11-02 05:23:19 info: Adding route: POST /communities/:community_id/posts
2025-11-02 05:23:19 info: Adding route: GET  /feed
2025-11-02 05:23:19 info: Adding route: POST /login
2025-11-02 05:23:19 info: Adding route: GET  /logout
2025-11-02 05:23:19 info: Adding route: GET  /logout
2025-11-02 05:23:19 info: Adding route: GET  /ping
2025-11-02 05:23:19 info: Adding route: PUT  /posts/:post_id
2025-11-02 05:23:19 info: Adding route: GET  /posts/:post_id
2025-11-02 05:23:19 info: Adding route: DELETE /posts/:post_id
2025-11-02 05:23:19 info: Adding route: GET  /posts/:post_id/comments
2025-11-02 05:23:19 info: Adding route: POST /posts/:post_id/comments
2025-11-02 05:23:19 info: Adding route: PUT  /posts/:post_id/comments/:comment_id
2025-11-02 05:23:19 info: Adding route: DELETE /posts/:post_id/comments/:comment_id
2025-11-02 05:23:19 info: Adding route: POST /posts/:post_id/comments/:comment_id
2025-11-02 05:23:19 info: Adding route: PUT  /posts/:post_id/comments/:comment_id/vote
2025-11-02 05:23:19 info: Adding route: PUT  /posts/:post_id/vote
2025-11-02 05:23:19 info: Adding route: GET  /search
2025-11-02 05:23:19 info: Adding route: POST /signup
2025-11-02 05:23:19 info: Adding route: PUT  /user
2025-11-02 05:23:19 info: Adding route: GET  /user
2025-11-02 05:23:19 info: Adding route: DELETE /user
2025-11-02 05:23:19 info: Adding route: GET  /users/:user_id
2025-11-02 05:23:19 info: Adding route: GET  /users/:user_id/posts
2025-11-02 05:23:19 info: exporting router
2025-11-02 05:23:19 info: Listening on port 443
2025-11-02 05:23:25 info: Importing routes...
2025-11-02 05:23:25 info: Adding route: GET  /admin
2025-11-02 05:23:25 info: Adding route: GET  /communities
2025-11-02 05:23:25 info: Adding route: POST /communities
2025-11-02 05:23:25 info: Adding route: PUT  /communities/:community_id
2025-11-02 05:23:25 info: Adding route: GET  /communities/:community_id
2025-11-02 05:23:25 info: Adding route: DELETE /communities/:community_id
2025-11-02 05:23:25 info: Adding route: GET  /communities/:community_id/posts
2025-11-02 05:23:25 info: Adding route: POST /communities/:community_id/posts
2025-11-02 05:23:25 info: Adding route: GET  /feed
2025-11-02 05:23:25 info: Adding route: POST /login
2025-11-02 05:23:25 info: Adding route: GET  /logout
2025-11-02 05:23:25 info: Adding route: GET  /logout
2025-11-02 05:23:25 info: Adding route: GET  /ping
2025-11-02 05:23:25 info: Adding route: PUT  /posts/:post_id
2025-11-02 05:23:25 info: Adding route: GET  /posts/:post_id
2025-11-02 05:23:25 info: Adding route: DELETE /posts/:post_id
2025-11-02 05:23:25 info: Adding route: GET  /posts/:post_id/comments
2025-11-02 05:23:25 info: Adding route: POST /posts/:post_id/comments
2025-11-02 05:23:25 info: Adding route: PUT  /posts/:post_id/comments/:comment_id
2025-11-02 05:23:25 info: Adding route: DELETE /posts/:post_id/comments/:comment_id
2025-11-02 05:23:25 info: Adding route: POST /posts/:post_id/comments/:comment_id
2025-11-02 05:23:25 info: Adding route: PUT  /posts/:post_id/comments/:comment_id/vote
2025-11-02 05:23:25 info: Adding route: PUT  /posts/:post_id/vote
2025-11-02 05:23:25 info: Adding route: GET  /search
2025-11-02 05:23:25 info: Adding route: POST /signup
2025-11-02 05:23:25 info: Adding route: PUT  /user
2025-11-02 05:23:25 info: Adding route: GET  /user
2025-11-02 05:23:25 info: Adding route: DELETE /user
2025-11-02 05:23:25 info: Adding route: GET  /users/:user_id
2025-11-02 05:23:25 info: Adding route: GET  /users/:user_id/posts
2025-11-02 05:23:25 info: exporting router
2025-11-02 05:23:25 info: Listening on port 443
2025-11-02 05:23:29 info: Importing routes...
2025-11-02 05:23:29 info: Adding route: GET  /admin
2025-11-02 05:23:29 info: Adding route: GET  /communities
2025-11-02 05:23:29 info: Adding route: POST /communities
2025-11-02 05:23:29 info: Adding route: PUT  /communities/:community_id
2025-11-02 05:23:29 info: Adding route: GET  /communities/:community_id
2025-11-02 05:23:29 info: Adding route: DELETE /communities/:community_id
2025-11-02 05:23:29 info: Adding route: GET  /communities/:community_id/posts
2025-11-02 05:23:29 info: Adding route: POST /communities/:community_id/posts
2025-11-02 05:23:29 info: Adding route: GET  /feed
2025-11-02 05:23:29 info: Adding route: POST /login
2025-11-02 05:23:29 info: Adding route: GET  /logout
2025-11-02 05:23:29 info: Adding route: GET  /logout
2025-11-02 05:23:29 info: Adding route: GET  /ping
2025-11-02 05:23:29 info: Adding route: PUT  /posts/:post_id
2025-11-02 05:23:29 info: Adding route: GET  /posts/:post_id
2025-11-02 05:23:29 info: Adding route: DELETE /posts/:post_id
2025-11-02 05:23:29 info: Adding route: GET  /posts/:post_id/comments
2025-11-02 05:23:29 info: Adding route: POST /posts/:post_id/comments
2025-11-02 05:23:29 info: Adding route: PUT  /posts/:post_id/comments/:comment_id
2025-11-02 05:23:29 info: Adding route: DELETE /posts/:post_id/comments/:comment_id
2025-11-02 05:23:29 info: Adding route: POST /posts/:post_id/comments/:comment_id
2025-11-02 05:23:29 info: Adding route: PUT  /posts/:post_id/comments/:comment_id/vote
2025-11-02 05:23:29 info: Adding route: PUT  /posts/:post_id/vote
2025-11-02 05:23:29 info: Adding route: GET  /search
2025-11-02 05:23:29 info: Adding route: POST /signup
2025-11-02 05:23:29 info: Adding route: PUT  /user
2025-11-02 05:23:29 info: Adding route: GET  /user
2025-11-02 05:23:29 info: Adding route: DELETE /user
2025-11-02 05:23:29 info: Adding route: GET  /users/:user_id
2025-11-02 05:23:29 info: Adding route: GET  /users/:user_id/posts
2025-11-02 05:23:29 info: exporting router
2025-11-02 05:23:29 info: Listening on port 443
2025-11-02 05:23:34 info: Importing routes...
2025-11-02 05:23:34 info: Adding route: GET  /admin
2025-11-02 05:23:34 info: Adding route: GET  /communities
2025-11-02 05:23:34 info: Adding route: POST /communities
2025-11-02 05:23:34 info: Adding route: PUT  /communities/:community_id
2025-11-02 05:23:34 info: Adding route: GET  /communities/:community_id
2025-11-02 05:23:34 info: Adding route: DELETE /communities/:community_id
2025-11-02 05:23:34 info: Adding route: GET  /communities/:community_id/posts
2025-11-02 05:23:34 info: Adding route: POST /communities/:community_id/posts
2025-11-02 05:23:34 info: Adding route: GET  /feed
2025-11-02 05:23:34 info: Adding route: POST /login
2025-11-02 05:23:34 info: Adding route: GET  /logout
2025-11-02 05:23:34 info: Adding route: GET  /logout
2025-11-02 05:23:34 info: Adding route: GET  /ping
2025-11-02 05:23:34 info: Adding route: PUT  /posts/:post_id
2025-11-02 05:23:34 info: Adding route: GET  /posts/:post_id
2025-11-02 05:23:34 info: Adding route: DELETE /posts/:post_id
2025-11-02 05:23:34 info: Adding route: GET  /posts/:post_id/comments
2025-11-02 05:23:34 info: Adding route: POST /posts/:post_id/comments
2025-11-02 05:23:34 info: Adding route: PUT  /posts/:post_id/comments/:comment_id
2025-11-02 05:23:34 info: Adding route: DELETE /posts/:post_id/comments/:comment_id
2025-11-02 05:23:34 info: Adding route: POST /posts/:post_id/comments/:comment_id
2025-11-02 05:23:34 info: Adding route: PUT  /posts/:post_id/comments/:comment_id/vote
2025-11-02 05:23:34 info: Adding route: PUT  /posts/:post_id/vote
2025-11-02 05:23:34 info: Adding route: GET  /search
2025-11-02 05:23:34 info: Adding route: POST /signup
2025-11-02 05:23:34 info: Adding route: PUT  /user
2025-11-02 05:23:34 info: Adding route: GET  /user
2025-11-02 05:23:34 info: Adding route: DELETE /user
2025-11-02 05:23:34 info: Adding route: GET  /users/:user_id
2025-11-02 05:23:34 info: Adding route: GET  /users/:user_id/posts
2025-11-02 05:23:34 info: exporting router
2025-11-02 05:23:34 info: Listening on port 443
2025-11-02 05:23:36 info: Importing routes...
2025-11-02 05:23:36 info: Adding route: GET  /admin
2025-11-02 05:23:36 info: Adding route: GET  /communities
2025-11-02 05:23:36 info: Adding route: POST /communities
2025-11-02 05:23:36 info: Adding route: PUT  /communities/:community_id
2025-11-02 05:23:36 info: Adding route: GET  /communities/:community_id
2025-11-02 05:23:36 info: Adding route: DELETE /communities/:community_id
2025-11-02 05:23:36 info: Adding route: GET  /communities/:community_id/posts
2025-11-02 05:23:36 info: Adding route: POST /communities/:community_id/posts
2025-11-02 05:23:36 info: Adding route: GET  /feed
2025-11-02 05:23:36 info: Adding route: POST /login
2025-11-02 05:23:36 info: Adding route: GET  /logout
2025-11-02 05:23:36 info: Adding route: GET  /logout
2025-11-02 05:23:36 info: Adding route: GET  /ping
2025-11-02 05:23:36 info: Adding route: PUT  /posts/:post_id
2025-11-02 05:23:36 info: Adding route: GET  /posts/:post_id
2025-11-02 05:23:36 info: Adding route: DELETE /posts/:post_id
2025-11-02 05:23:36 info: Adding route: GET  /posts/:post_id/comments
2025-11-02 05:23:36 info: Adding route: POST /posts/:post_id/comments
2025-11-02 05:23:36 info: Adding route: PUT  /posts/:post_id/comments/:comment_id
2025-11-02 05:23:36 info: Adding route: DELETE /posts/:post_id/comments/:comment_id
2025-11-02 05:23:36 info: Adding route: POST /posts/:post_id/comments/:comment_id
2025-11-02 05:23:36 info: Adding route: PUT  /posts/:post_id/comments/:comment_id/vote
2025-11-02 05:23:36 info: Adding route: PUT  /posts/:post_id/vote
2025-11-02 05:23:36 info: Adding route: GET  /search
2025-11-02 05:23:36 info: Adding route: POST /signup
2025-11-02 05:23:36 info: Adding route: PUT  /user
2025-11-02 05:23:36 info: Adding route: GET  /user
2025-11-02 05:23:36 info: Adding route: DELETE /user
2025-11-02 05:23:36 info: Adding route: GET  /users/:user_id
2025-11-02 05:23:36 info: Adding route: GET  /users/:user_id/posts
2025-11-02 05:23:36 info: exporting router
2025-11-02 05:23:36 info: Listening on port 443
2025-11-02 05:23:42 info: Importing routes...
2025-11-02 05:23:42 info: Adding route: GET  /admin
2025-11-02 05:23:42 info: Adding route: GET  /auth/valid
2025-11-02 05:23:42 info: Adding route: GET  /communities
2025-11-02 05:23:42 info: Adding route: POST /communities
2025-11-02 05:23:42 info: Adding route: PUT  /communities/:community_id
2025-11-02 05:23:42 info: Adding route: GET  /communities/:community_id
2025-11-02 05:23:42 info: Adding route: DELETE /communities/:community_id
2025-11-02 05:23:42 info: Adding route: GET  /communities/:community_id/posts
2025-11-02 05:23:42 info: Adding route: POST /communities/:community_id/posts
2025-11-02 05:23:42 info: Adding route: GET  /feed
2025-11-02 05:23:42 info: Adding route: POST /login
2025-11-02 05:23:42 info: Adding route: GET  /logout
2025-11-02 05:23:42 info: Adding route: GET  /ping
2025-11-02 05:23:42 info: Adding route: PUT  /posts/:post_id
2025-11-02 05:23:42 info: Adding route: GET  /posts/:post_id
2025-11-02 05:23:42 info: Adding route: DELETE /posts/:post_id
2025-11-02 05:23:42 info: Adding route: GET  /posts/:post_id/comments
2025-11-02 05:23:42 info: Adding route: POST /posts/:post_id/comments
2025-11-02 05:23:42 info: Adding route: PUT  /posts/:post_id/comments/:comment_id
2025-11-02 05:23:42 info: Adding route: DELETE /posts/:post_id/comments/:comment_id
2025-11-02 05:23:42 info: Adding route: POST /posts/:post_id/comments/:comment_id
2025-11-02 05:23:42 info: Adding route: PUT  /posts/:post_id/comments/:comment_id/vote
2025-11-02 05:23:42 info: Adding route: PUT  /posts/:post_id/vote
2025-11-02 05:23:42 info: Adding route: GET  /search
2025-11-02 05:23:42 info: Adding route: POST /signup
2025-11-02 05:23:42 info: Adding route: PUT  /user
2025-11-02 05:23:42 info: Adding route: GET  /user
2025-11-02 05:23:42 info: Adding route: DELETE /user
2025-11-02 05:23:42 info: Adding route: GET  /users/:user_id
2025-11-02 05:23:42 info: Adding route: GET  /users/:user_id/posts
2025-11-02 05:23:42 info: exporting router
2025-11-02 05:23:42 info: Listening on port 443
2025-11-02 05:23:53 info: Importing routes...
2025-11-02 05:23:53 info: Adding route: GET  /admin
2025-11-02 05:23:53 info: Adding route: GET  /auth/valid
2025-11-02 05:23:53 info: Adding route: GET  /communities
2025-11-02 05:23:53 info: Adding route: POST /communities
2025-11-02 05:23:53 info: Adding route: PUT  /communities/:community_id
2025-11-02 05:23:53 info: Adding route: GET  /communities/:community_id
2025-11-02 05:23:53 info: Adding route: DELETE /communities/:community_id
2025-11-02 05:23:53 info: Adding route: GET  /communities/:community_id/posts
2025-11-02 05:23:53 info: Adding route: POST /communities/:community_id/posts
2025-11-02 05:23:53 info: Adding route: GET  /feed
2025-11-02 05:23:53 info: Adding route: POST /login
2025-11-02 05:23:53 info: Adding route: GET  /logout
2025-11-02 05:23:53 info: Adding route: GET  /ping
2025-11-02 05:23:53 info: Adding route: PUT  /posts/:post_id
2025-11-02 05:23:53 info: Adding route: GET  /posts/:post_id
2025-11-02 05:23:53 info: Adding route: DELETE /posts/:post_id
2025-11-02 05:23:53 info: Adding route: GET  /posts/:post_id/comments
2025-11-02 05:23:53 info: Adding route: POST /posts/:post_id/comments
2025-11-02 05:23:53 info: Adding route: PUT  /posts/:post_id/comments/:comment_id
2025-11-02 05:23:53 info: Adding route: DELETE /posts/:post_id/comments/:comment_id
2025-11-02 05:23:53 info: Adding route: POST /posts/:post_id/comments/:comment_id
2025-11-02 05:23:53 info: Adding route: PUT  /posts/:post_id/comments/:comment_id/vote
2025-11-02 05:23:53 info: Adding route: PUT  /posts/:post_id/vote
2025-11-02 05:23:53 info: Adding route: GET  /search
2025-11-02 05:23:53 info: Adding route: POST /signup
2025-11-02 05:23:53 info: Adding route: PUT  /user
2025-11-02 05:23:53 info: Adding route: GET  /user
2025-11-02 05:23:53 info: Adding route: DELETE /user
2025-11-02 05:23:53 info: Adding route: GET  /users/:user_id
2025-11-02 05:23:53 info: Adding route: GET  /users/:user_id/posts
2025-11-02 05:23:53 info: exporting router
2025-11-02 05:23:53 info: Listening on port 443
2025-11-02 05:27:51 info: Importing routes...
2025-11-02 05:27:51 info: Adding route: GET  /admin
2025-11-02 05:27:51 info: Adding route: GET  /auth/valid
2025-11-02 05:27:51 info: Adding route: GET  /communities
2025-11-02 05:27:51 info: Adding route: POST /communities
2025-11-02 05:27:51 info: Adding route: PUT  /communities/:community_id
2025-11-02 05:27:51 info: Adding route: GET  /communities/:community_id
2025-11-02 05:27:51 info: Adding route: DELETE /communities/:community_id
2025-11-02 05:27:51 info: Adding route: GET  /communities/:community_id/posts
2025-11-02 05:27:51 info: Adding route: POST /communities/:community_id/posts
2025-11-02 05:27:51 info: Adding route: GET  /feed
2025-11-02 05:27:51 info: Adding route: POST /login
2025-11-02 05:27:51 info: Adding route: GET  /logout
2025-11-02 05:27:51 info: Adding route: GET  /ping
2025-11-02 05:27:51 info: Adding route: PUT  /posts/:post_id
2025-11-02 05:27:51 info: Adding route: GET  /posts/:post_id
2025-11-02 05:27:51 info: Adding route: DELETE /posts/:post_id
2025-11-02 05:27:51 info: Adding route: GET  /posts/:post_id/comments
2025-11-02 05:27:51 info: Adding route: POST /posts/:post_id/comments
2025-11-02 05:27:51 info: Adding route: PUT  /posts/:post_id/comments/:comment_id
2025-11-02 05:27:51 info: Adding route: DELETE /posts/:post_id/comments/:comment_id
2025-11-02 05:27:51 info: Adding route: POST /posts/:post_id/comments/:comment_id
2025-11-02 05:27:51 info: Adding route: PUT  /posts/:post_id/comments/:comment_id/vote
2025-11-02 05:27:51 info: Adding route: PUT  /posts/:post_id/vote
2025-11-02 05:27:51 info: Adding route: GET  /search
2025-11-02 05:27:51 info: Adding route: POST /signup
2025-11-02 05:27:51 info: Adding route: PUT  /user
2025-11-02 05:27:51 info: Adding route: GET  /user
2025-11-02 05:27:51 info: Adding route: DELETE /user
2025-11-02 05:27:51 info: Adding route: GET  /users/:user_id
2025-11-02 05:27:51 info: Adding route: GET  /users/:user_id/posts
2025-11-02 05:27:51 info: exporting router
2025-11-02 05:27:51 info: Listening on port 443
2025-11-02 05:27:53 info: Importing routes...
2025-11-02 05:27:53 info: Adding route: GET  /admin
2025-11-02 05:27:53 info: Adding route: GET  /auth/valid
2025-11-02 05:27:53 info: Adding route: GET  /communities
2025-11-02 05:27:53 info: Adding route: POST /communities
2025-11-02 05:27:53 info: Adding route: PUT  /communities/:community_id
2025-11-02 05:27:53 info: Adding route: GET  /communities/:community_id
2025-11-02 05:27:53 info: Adding route: DELETE /communities/:community_id
2025-11-02 05:27:53 info: Adding route: GET  /communities/:community_id/posts
2025-11-02 05:27:53 info: Adding route: POST /communities/:community_id/posts
2025-11-02 05:27:53 info: Adding route: GET  /feed
2025-11-02 05:27:53 info: Adding route: POST /login
2025-11-02 05:27:53 info: Adding route: GET  /logout
2025-11-02 05:27:53 info: Adding route: GET  /ping
2025-11-02 05:27:53 info: Adding route: PUT  /posts/:post_id
2025-11-02 05:27:53 info: Adding route: GET  /posts/:post_id
2025-11-02 05:27:53 info: Adding route: DELETE /posts/:post_id
2025-11-02 05:27:53 info: Adding route: GET  /posts/:post_id/comments
2025-11-02 05:27:53 info: Adding route: POST /posts/:post_id/comments
2025-11-02 05:27:53 info: Adding route: PUT  /posts/:post_id/comments/:comment_id
2025-11-02 05:27:53 info: Adding route: DELETE /posts/:post_id/comments/:comment_id
2025-11-02 05:27:53 info: Adding route: POST /posts/:post_id/comments/:comment_id
2025-11-02 05:27:53 info: Adding route: PUT  /posts/:post_id/comments/:comment_id/vote
2025-11-02 05:27:53 info: Adding route: PUT  /posts/:post_id/vote
2025-11-02 05:27:53 info: Adding route: GET  /search
2025-11-02 05:27:53 info: Adding route: POST /signup
2025-11-02 05:27:53 info: Adding route: PUT  /user
2025-11-02 05:27:53 info: Adding route: GET  /user
2025-11-02 05:27:53 info: Adding route: DELETE /user
2025-11-02 05:27:53 info: Adding route: GET  /users/:user_id
2025-11-02 05:27:53 info: Adding route: GET  /users/:user_id/posts
2025-11-02 05:27:53 info: exporting router
2025-11-02 05:27:53 info: Listening on port 443
2025-11-02 05:27:56 info: Importing routes...
2025-11-02 05:27:56 info: Adding route: GET  /admin
2025-11-02 05:27:56 info: Adding route: GET  /auth/valid
2025-11-02 05:27:56 info: Adding route: GET  /communities
2025-11-02 05:27:56 info: Adding route: POST /communities
2025-11-02 05:27:56 info: Adding route: PUT  /communities/:community_id
2025-11-02 05:27:56 info: Adding route: GET  /communities/:community_id
2025-11-02 05:27:56 info: Adding route: DELETE /communities/:community_id
2025-11-02 05:27:56 info: Adding route: GET  /communities/:community_id/posts
2025-11-02 05:27:56 info: Adding route: POST /communities/:community_id/posts
2025-11-02 05:27:56 info: Adding route: GET  /feed
2025-11-02 05:27:56 info: Adding route: POST /login
2025-11-02 05:27:56 info: Adding route: GET  /logout
2025-11-02 05:27:56 info: Adding route: GET  /ping
2025-11-02 05:27:56 info: Adding route: PUT  /posts/:post_id
2025-11-02 05:27:56 info: Adding route: GET  /posts/:post_id
2025-11-02 05:27:56 info: Adding route: DELETE /posts/:post_id
2025-11-02 05:27:56 info: Adding route: GET  /posts/:post_id/comments
2025-11-02 05:27:56 info: Adding route: POST /posts/:post_id/comments
2025-11-02 05:27:56 info: Adding route: PUT  /posts/:post_id/comments/:comment_id
2025-11-02 05:27:56 info: Adding route: DELETE /posts/:post_id/comments/:comment_id
2025-11-02 05:27:56 info: Adding route: POST /posts/:post_id/comments/:comment_id
2025-11-02 05:27:56 info: Adding route: PUT  /posts/:post_id/comments/:comment_id/vote
2025-11-02 05:27:56 info: Adding route: PUT  /posts/:post_id/vote
2025-11-02 05:27:56 info: Adding route: GET  /search
2025-11-02 05:27:56 info: Adding route: POST /signup
2025-11-02 05:27:56 info: Adding route: PUT  /user
2025-11-02 05:27:56 info: Adding route: GET  /user
2025-11-02 05:27:56 info: Adding route: DELETE /user
2025-11-02 05:27:56 info: Adding route: GET  /users/:user_id
2025-11-02 05:27:56 info: Adding route: GET  /users/:user_id/posts
2025-11-02 05:27:56 info: exporting router
2025-11-02 05:27:56 info: Listening on port 443
